<?xml version="1.0" encoding="UTF-8"?>
<coverage generated="1771269583603" clover="3.2.0">
  <project timestamp="1771269583603" name="All files">
    <metrics statements="3223" coveredstatements="2188" conditionals="2894" coveredconditionals="1627" methods="1133" coveredmethods="649" elements="7250" coveredelements="4464" complexity="0" loc="3223" ncloc="3223" packages="22" files="91" classes="91"/>
    <package name="src">
      <metrics statements="32" coveredstatements="32" conditionals="0" coveredconditionals="0" methods="24" coveredmethods="9"/>
      <file name="AppRoutes.tsx" path="/home/david/git/recipe_app/recipe_ui/src/AppRoutes.tsx">
        <metrics statements="23" coveredstatements="23" conditionals="0" coveredconditionals="0" methods="21" coveredmethods="6"/>
        <line num="9" count="1" type="stmt"/>
        <line num="10" count="1" type="stmt"/>
        <line num="11" count="1" type="stmt"/>
        <line num="12" count="1" type="stmt"/>
        <line num="13" count="1" type="stmt"/>
        <line num="14" count="1" type="stmt"/>
        <line num="15" count="1" type="stmt"/>
        <line num="16" count="1" type="stmt"/>
        <line num="17" count="1" type="stmt"/>
        <line num="18" count="1" type="stmt"/>
        <line num="19" count="1" type="stmt"/>
        <line num="20" count="1" type="stmt"/>
        <line num="21" count="1" type="stmt"/>
        <line num="22" count="1" type="stmt"/>
        <line num="23" count="1" type="stmt"/>
        <line num="24" count="1" type="stmt"/>
        <line num="25" count="1" type="stmt"/>
        <line num="27" count="1" type="stmt"/>
        <line num="28" count="1" type="stmt"/>
        <line num="31" count="1" type="stmt"/>
        <line num="33" count="2" type="stmt"/>
        <line num="34" count="4" type="stmt"/>
        <line num="39" count="2" type="stmt"/>
      </file>
      <file name="test-utils.tsx" path="/home/david/git/recipe_app/recipe_ui/src/test-utils.tsx">
        <metrics statements="6" coveredstatements="6" conditionals="0" coveredconditionals="0" methods="3" coveredmethods="3"/>
        <line num="8" count="133" type="stmt"/>
        <line num="18" count="109" type="stmt"/>
        <line num="19" count="109" type="stmt"/>
        <line num="28" count="30" type="stmt"/>
        <line num="29" count="24" type="stmt"/>
        <line num="30" count="24" type="stmt"/>
      </file>
      <file name="theme.ts" path="/home/david/git/recipe_app/recipe_ui/src/theme.ts">
        <metrics statements="2" coveredstatements="2" conditionals="0" coveredconditionals="0" methods="0" coveredmethods="0"/>
        <line num="3" count="40" type="stmt"/>
        <line num="85" count="40" type="stmt"/>
      </file>
      <file name="toaster.ts" path="/home/david/git/recipe_app/recipe_ui/src/toaster.ts">
        <metrics statements="1" coveredstatements="1" conditionals="0" coveredconditionals="0" methods="0" coveredmethods="0"/>
        <line num="3" count="11" type="stmt"/>
      </file>
    </package>
    <package name="src.client">
      <metrics statements="0" coveredstatements="0" conditionals="0" coveredconditionals="0" methods="0" coveredmethods="0"/>
      <file name="index.ts" path="/home/david/git/recipe_app/recipe_ui/src/client/index.ts">
        <metrics statements="0" coveredstatements="0" conditionals="0" coveredconditionals="0" methods="0" coveredmethods="0"/>
      </file>
    </package>
    <package name="src.client.core">
      <metrics statements="190" coveredstatements="136" conditionals="114" coveredconditionals="63" methods="50" coveredmethods="34"/>
      <file name="ApiError.ts" path="/home/david/git/recipe_app/recipe_ui/src/client/core/ApiError.ts">
        <metrics statements="7" coveredstatements="7" conditionals="0" coveredconditionals="0" methods="1" coveredmethods="1"/>
        <line num="16" count="28" type="stmt"/>
        <line num="18" count="28" type="stmt"/>
        <line num="19" count="28" type="stmt"/>
        <line num="20" count="28" type="stmt"/>
        <line num="21" count="28" type="stmt"/>
        <line num="22" count="28" type="stmt"/>
        <line num="23" count="28" type="stmt"/>
      </file>
      <file name="CancelablePromise.ts" path="/home/david/git/recipe_app/recipe_ui/src/client/core/CancelablePromise.ts">
        <metrics statements="47" coveredstatements="25" conditionals="28" coveredconditionals="14" methods="16" coveredmethods="8"/>
        <line num="8" count="0" type="stmt"/>
        <line num="9" count="0" type="stmt"/>
        <line num="13" count="0" type="stmt"/>
        <line num="41" count="277" type="stmt"/>
        <line num="42" count="277" type="stmt"/>
        <line num="43" count="277" type="stmt"/>
        <line num="44" count="277" type="stmt"/>
        <line num="45" count="277" type="stmt"/>
        <line num="46" count="277" type="stmt"/>
        <line num="47" count="277" type="stmt"/>
        <line num="49" count="277" type="stmt"/>
        <line num="50" count="249" type="cond" truecount="4" falsecount="1"/>
        <line num="51" count="0" type="stmt"/>
        <line num="53" count="249" type="stmt"/>
        <line num="54" count="249" type="cond" truecount="1" falsecount="1"/>
        <line num="57" count="277" type="stmt"/>
        <line num="58" count="28" type="cond" truecount="4" falsecount="1"/>
        <line num="59" count="0" type="stmt"/>
        <line num="61" count="28" type="stmt"/>
        <line num="62" count="28" type="cond" truecount="1" falsecount="1"/>
        <line num="65" count="277" type="stmt"/>
        <line num="66" count="277" type="cond" truecount="4" falsecount="1"/>
        <line num="67" count="0" type="stmt"/>
        <line num="69" count="277" type="stmt"/>
        <line num="72" count="277" type="stmt"/>
        <line num="73" count="0" type="stmt"/>
        <line num="76" count="277" type="stmt"/>
        <line num="77" count="0" type="stmt"/>
        <line num="80" count="277" type="stmt"/>
        <line num="81" count="277" type="stmt"/>
        <line num="84" count="277" type="stmt"/>
        <line num="89" count="3" type="stmt"/>
        <line num="96" count="277" type="stmt"/>
        <line num="102" count="0" type="stmt"/>
        <line num="106" count="0" type="stmt"/>
        <line num="110" count="0" type="cond" truecount="0" falsecount="5"/>
        <line num="111" count="0" type="stmt"/>
        <line num="113" count="0" type="stmt"/>
        <line num="114" count="0" type="cond" truecount="0" falsecount="2"/>
        <line num="115" count="0" type="stmt"/>
        <line num="116" count="0" type="stmt"/>
        <line num="117" count="0" type="stmt"/>
        <line num="120" count="0" type="stmt"/>
        <line num="121" count="0" type="stmt"/>
        <line num="124" count="0" type="stmt"/>
        <line num="125" count="0" type="cond" truecount="0" falsecount="2"/>
        <line num="129" count="0" type="stmt"/>
      </file>
      <file name="OpenAPI.ts" path="/home/david/git/recipe_app/recipe_ui/src/client/core/OpenAPI.ts">
        <metrics statements="1" coveredstatements="1" conditionals="0" coveredconditionals="0" methods="0" coveredmethods="0"/>
        <line num="22" count="51" type="stmt"/>
      </file>
      <file name="request.ts" path="/home/david/git/recipe_app/recipe_ui/src/client/core/request.ts">
        <metrics statements="135" coveredstatements="103" conditionals="86" coveredconditionals="49" methods="33" coveredmethods="25"/>
        <line num="16" count="51" type="stmt"/>
        <line num="17" count="576" type="cond" truecount="2" falsecount="0"/>
        <line num="20" count="51" type="stmt"/>
        <line num="21" count="558" type="stmt"/>
        <line num="24" count="51" type="stmt"/>
        <line num="25" count="554" type="cond" truecount="2" falsecount="0"/>
        <line num="28" count="51" type="stmt"/>
        <line num="29" count="0" type="stmt"/>
        <line num="41" count="51" type="stmt"/>
        <line num="42" count="0" type="stmt"/>
        <line num="45" count="51" type="stmt"/>
        <line num="46" count="277" type="cond" truecount="2" falsecount="0"/>
        <line num="49" count="51" type="stmt"/>
        <line num="50" count="0" type="stmt"/>
        <line num="51" count="0" type="stmt"/>
        <line num="54" count="0" type="stmt"/>
        <line num="58" count="51" type="stmt"/>
        <line num="59" count="129" type="stmt"/>
        <line num="61" count="129" type="stmt"/>
        <line num="62" count="186" type="stmt"/>
        <line num="65" count="129" type="stmt"/>
        <line num="66" count="293" type="cond" truecount="2" falsecount="0"/>
        <line num="67" count="186" type="cond" truecount="1" falsecount="1"/>
        <line num="68" count="0" type="stmt"/>
        <line num="69" count="0" type="stmt"/>
        <line num="71" count="186" type="cond" truecount="1" falsecount="1"/>
        <line num="72" count="0" type="stmt"/>
        <line num="73" count="0" type="stmt"/>
        <line num="76" count="186" type="stmt"/>
        <line num="81" count="129" type="stmt"/>
        <line num="82" count="293" type="stmt"/>
        <line num="85" count="129" type="cond" truecount="2" falsecount="0"/>
        <line num="86" count="116" type="stmt"/>
        <line num="89" count="13" type="stmt"/>
        <line num="92" count="51" type="stmt"/>
        <line num="93" count="277" type="cond" truecount="2" falsecount="0"/>
        <line num="95" count="277" type="stmt"/>
        <line num="98" count="211" type="cond" truecount="1" falsecount="1"/>
        <line num="99" count="211" type="stmt"/>
        <line num="101" count="0" type="stmt"/>
        <line num="104" count="277" type="stmt"/>
        <line num="105" count="277" type="cond" truecount="2" falsecount="0"/>
        <line num="106" count="129" type="stmt"/>
        <line num="108" count="148" type="stmt"/>
        <line num="111" count="51" type="stmt"/>
        <line num="112" count="277" type="cond" truecount="2" falsecount="0"/>
        <line num="113" count="2" type="stmt"/>
        <line num="115" count="2" type="stmt"/>
        <line num="116" count="4" type="cond" truecount="2" falsecount="2"/>
        <line num="117" count="4" type="stmt"/>
        <line num="119" count="0" type="stmt"/>
        <line num="123" count="2" type="stmt"/>
        <line num="124" count="4" type="stmt"/>
        <line num="126" count="4" type="cond" truecount="1" falsecount="1"/>
        <line num="127" count="0" type="stmt"/>
        <line num="129" count="4" type="stmt"/>
        <line num="133" count="2" type="stmt"/>
        <line num="135" count="275" type="stmt"/>
        <line num="140" count="51" type="stmt"/>
        <line num="141" count="1108" type="cond" truecount="1" falsecount="1"/>
        <line num="142" count="0" type="stmt"/>
        <line num="144" count="1108" type="stmt"/>
        <line num="147" count="51" type="stmt"/>
        <line num="148" count="277" type="stmt"/>
        <line num="155" count="277" type="cond" truecount="3" falsecount="0"/>
        <line num="157" count="277" type="stmt"/>
        <line num="163" count="279" type="stmt"/>
        <line num="164" count="279" type="stmt"/>
        <line num="169" count="277" type="cond" truecount="2" falsecount="0"/>
        <line num="170" count="4" type="stmt"/>
        <line num="173" count="277" type="cond" truecount="2" falsecount="2"/>
        <line num="174" count="0" type="stmt"/>
        <line num="175" count="0" type="stmt"/>
        <line num="178" count="277" type="cond" truecount="2" falsecount="0"/>
        <line num="179" count="14" type="cond" truecount="1" falsecount="1"/>
        <line num="180" count="14" type="stmt"/>
        <line num="181" count="0" type="cond" truecount="0" falsecount="2"/>
        <line num="182" count="0" type="cond" truecount="0" falsecount="2"/>
        <line num="183" count="0" type="cond" truecount="0" falsecount="2"/>
        <line num="184" count="0" type="stmt"/>
        <line num="185" count="0" type="cond" truecount="0" falsecount="2"/>
        <line num="186" count="0" type="stmt"/>
        <line num="190" count="277" type="stmt"/>
        <line num="193" count="51" type="stmt"/>
        <line num="194" count="277" type="cond" truecount="2" falsecount="0"/>
        <line num="195" count="14" type="stmt"/>
        <line num="197" count="263" type="stmt"/>
        <line num="200" count="51" type="stmt"/>
        <line num="210" count="277" type="stmt"/>
        <line num="212" count="277" type="stmt"/>
        <line num="222" count="277" type="stmt"/>
        <line num="224" count="277" type="stmt"/>
        <line num="225" count="277" type="stmt"/>
        <line num="227" count="28" type="stmt"/>
        <line num="228" count="28" type="cond" truecount="1" falsecount="1"/>
        <line num="229" count="28" type="stmt"/>
        <line num="231" count="0" type="stmt"/>
        <line num="235" count="51" type="stmt"/>
        <line num="236" count="277" type="cond" truecount="1" falsecount="1"/>
        <line num="237" count="0" type="stmt"/>
        <line num="238" count="0" type="cond" truecount="0" falsecount="2"/>
        <line num="239" count="0" type="stmt"/>
        <line num="242" count="277" type="stmt"/>
        <line num="245" count="51" type="stmt"/>
        <line num="246" count="277" type="cond" truecount="2" falsecount="0"/>
        <line num="247" count="275" type="stmt"/>
        <line num="249" count="2" type="stmt"/>
        <line num="252" count="51" type="stmt"/>
        <line num="253" count="277" type="stmt"/>
        <line num="264" count="277" type="stmt"/>
        <line num="265" count="277" type="cond" truecount="2" falsecount="0"/>
        <line num="266" count="28" type="stmt"/>
        <line num="269" count="249" type="cond" truecount="1" falsecount="1"/>
        <line num="270" count="0" type="cond" truecount="0" falsecount="2"/>
        <line num="271" count="0" type="cond" truecount="0" falsecount="2"/>
        <line num="272" count="0" type="stmt"/>
        <line num="273" count="0" type="stmt"/>
        <line num="274" count="0" type="stmt"/>
        <line num="276" count="0" type="stmt"/>
        <line num="280" count="0" type="stmt"/>
        <line num="294" count="51" type="cond" truecount="1" falsecount="0"/>
        <line num="295" count="277" type="stmt"/>
        <line num="296" count="277" type="stmt"/>
        <line num="297" count="277" type="stmt"/>
        <line num="298" count="277" type="stmt"/>
        <line num="299" count="277" type="stmt"/>
        <line num="300" count="277" type="stmt"/>
        <line num="302" count="277" type="cond" truecount="1" falsecount="1"/>
        <line num="303" count="277" type="stmt"/>
        <line num="304" count="277" type="stmt"/>
        <line num="305" count="277" type="stmt"/>
        <line num="307" count="277" type="stmt"/>
        <line num="315" count="277" type="stmt"/>
        <line num="317" count="277" type="stmt"/>
        <line num="320" count="28" type="stmt"/>
      </file>
    </package>
    <package name="src.client.models">
      <metrics statements="33" coveredstatements="33" conditionals="12" coveredconditionals="12" methods="6" coveredmethods="6"/>
      <file name="DietType.ts" path="/home/david/git/recipe_app/recipe_ui/src/client/models/DietType.ts">
        <metrics statements="12" coveredstatements="12" conditionals="2" coveredconditionals="2" methods="1" coveredmethods="1"/>
        <line num="5" count="51" type="cond" truecount="2" falsecount="0"/>
        <line num="6" count="51" type="stmt"/>
        <line num="7" count="51" type="stmt"/>
        <line num="8" count="51" type="stmt"/>
        <line num="9" count="51" type="stmt"/>
        <line num="10" count="51" type="stmt"/>
        <line num="11" count="51" type="stmt"/>
        <line num="12" count="51" type="stmt"/>
        <line num="13" count="51" type="stmt"/>
        <line num="14" count="51" type="stmt"/>
        <line num="15" count="51" type="stmt"/>
        <line num="16" count="51" type="stmt"/>
      </file>
      <file name="DifficultyLevel.ts" path="/home/david/git/recipe_app/recipe_ui/src/client/models/DifficultyLevel.ts">
        <metrics statements="4" coveredstatements="4" conditionals="2" coveredconditionals="2" methods="1" coveredmethods="1"/>
        <line num="5" count="51" type="cond" truecount="2" falsecount="0"/>
        <line num="6" count="51" type="stmt"/>
        <line num="7" count="51" type="stmt"/>
        <line num="8" count="51" type="stmt"/>
      </file>
      <file name="MealClassification.ts" path="/home/david/git/recipe_app/recipe_ui/src/client/models/MealClassification.ts">
        <metrics statements="6" coveredstatements="6" conditionals="2" coveredconditionals="2" methods="1" coveredmethods="1"/>
        <line num="5" count="51" type="cond" truecount="2" falsecount="0"/>
        <line num="6" count="51" type="stmt"/>
        <line num="7" count="51" type="stmt"/>
        <line num="8" count="51" type="stmt"/>
        <line num="9" count="51" type="stmt"/>
        <line num="10" count="51" type="stmt"/>
      </file>
      <file name="MealStatus.ts" path="/home/david/git/recipe_app/recipe_ui/src/client/models/MealStatus.ts">
        <metrics statements="4" coveredstatements="4" conditionals="2" coveredconditionals="2" methods="1" coveredmethods="1"/>
        <line num="5" count="51" type="cond" truecount="2" falsecount="0"/>
        <line num="6" count="51" type="stmt"/>
        <line num="7" count="51" type="stmt"/>
        <line num="8" count="51" type="stmt"/>
      </file>
      <file name="MealTemplateSlotStrategy.ts" path="/home/david/git/recipe_app/recipe_ui/src/client/models/MealTemplateSlotStrategy.ts">
        <metrics statements="4" coveredstatements="4" conditionals="2" coveredconditionals="2" methods="1" coveredmethods="1"/>
        <line num="5" count="51" type="cond" truecount="2" falsecount="0"/>
        <line num="6" count="51" type="stmt"/>
        <line num="7" count="51" type="stmt"/>
        <line num="8" count="51" type="stmt"/>
      </file>
      <file name="UnitSystem.ts" path="/home/david/git/recipe_app/recipe_ui/src/client/models/UnitSystem.ts">
        <metrics statements="3" coveredstatements="3" conditionals="2" coveredconditionals="2" methods="1" coveredmethods="1"/>
        <line num="8" count="51" type="cond" truecount="2" falsecount="0"/>
        <line num="9" count="51" type="stmt"/>
        <line num="10" count="51" type="stmt"/>
      </file>
    </package>
    <package name="src.client.services">
      <metrics statements="39" coveredstatements="20" conditionals="6" coveredconditionals="3" methods="39" coveredmethods="39"/>
      <file name="AuthenticationService.ts" path="/home/david/git/recipe_app/recipe_ui/src/client/services/AuthenticationService.ts">
        <metrics statements="10" coveredstatements="3" conditionals="1" coveredconditionals="1" methods="10" coveredmethods="10"/>
        <line num="28" count="46" type="stmt"/>
        <line num="51" count="0" type="stmt"/>
        <line num="74" count="0" type="stmt"/>
        <line num="97" count="24" type="stmt"/>
        <line num="121" count="2" type="stmt"/>
        <line num="145" count="0" type="stmt"/>
        <line num="162" count="0" type="stmt"/>
        <line num="179" count="0" type="stmt"/>
        <line num="202" count="0" type="stmt"/>
        <line num="224" count="0" type="stmt"/>
      </file>
      <file name="MealsService.ts" path="/home/david/git/recipe_app/recipe_ui/src/client/services/MealsService.ts">
        <metrics statements="11" coveredstatements="4" conditionals="2" coveredconditionals="0" methods="11" coveredmethods="11"/>
        <line num="25" count="0" type="stmt"/>
        <line num="66" count="0" type="stmt"/>
        <line num="88" count="7" type="stmt"/>
        <line num="110" count="0" type="stmt"/>
        <line num="132" count="0" type="stmt"/>
        <line num="156" count="0" type="stmt"/>
        <line num="175" count="6" type="stmt"/>
        <line num="217" count="0" type="stmt"/>
        <line num="239" count="12" type="stmt"/>
        <line num="261" count="2" type="stmt"/>
        <line num="283" count="0" type="stmt"/>
      </file>
      <file name="RecipeListsService.ts" path="/home/david/git/recipe_app/recipe_ui/src/client/services/RecipeListsService.ts">
        <metrics statements="7" coveredstatements="4" conditionals="1" coveredconditionals="1" methods="7" coveredmethods="7"/>
        <line num="24" count="1" type="stmt"/>
        <line num="64" count="35" type="stmt"/>
        <line num="88" count="0" type="stmt"/>
        <line num="112" count="0" type="stmt"/>
        <line num="136" count="0" type="stmt"/>
        <line num="160" count="1" type="stmt"/>
        <line num="186" count="1" type="stmt"/>
      </file>
      <file name="RecipesService.ts" path="/home/david/git/recipe_app/recipe_ui/src/client/services/RecipesService.ts">
        <metrics statements="10" coveredstatements="9" conditionals="2" coveredconditionals="1" methods="10" coveredmethods="10"/>
        <line num="25" count="1" type="stmt"/>
        <line num="66" count="0" type="stmt"/>
        <line num="89" count="64" type="stmt"/>
        <line num="124" count="40" type="stmt"/>
        <line num="151" count="1" type="stmt"/>
        <line num="174" count="1" type="stmt"/>
        <line num="197" count="1" type="stmt"/>
        <line num="224" count="30" type="stmt"/>
        <line num="253" count="1" type="stmt"/>
        <line num="279" count="1" type="stmt"/>
      </file>
      <file name="RootService.ts" path="/home/david/git/recipe_app/recipe_ui/src/client/services/RootService.ts">
        <metrics statements="1" coveredstatements="0" conditionals="0" coveredconditionals="0" methods="1" coveredmethods="1"/>
        <line num="16" count="0" type="stmt"/>
      </file>
    </package>
    <package name="src.components.common">
      <metrics statements="21" coveredstatements="21" conditionals="17" coveredconditionals="13" methods="8" coveredmethods="8"/>
      <file name="DebouncedInput.tsx" path="/home/david/git/recipe_app/recipe_ui/src/components/common/DebouncedInput.tsx">
        <metrics statements="11" coveredstatements="11" conditionals="3" coveredconditionals="3" methods="6" coveredmethods="6"/>
        <line num="10" count="14" type="stmt"/>
        <line num="16" count="312" type="stmt"/>
        <line num="18" count="312" type="stmt"/>
        <line num="19" count="120" type="stmt"/>
        <line num="22" count="312" type="stmt"/>
        <line num="23" count="254" type="stmt"/>
        <line num="24" count="19" type="cond" truecount="2" falsecount="0"/>
        <line num="25" count="5" type="stmt"/>
        <line num="29" count="254" type="stmt"/>
        <line num="32" count="312" type="stmt"/>
        <line num="36" count="5" type="stmt"/>
      </file>
      <file name="ErrorAlert.tsx" path="/home/david/git/recipe_app/recipe_ui/src/components/common/ErrorAlert.tsx">
        <metrics statements="2" coveredstatements="2" conditionals="1" coveredconditionals="1" methods="1" coveredmethods="1"/>
        <line num="8" count="14" type="cond" truecount="1" falsecount="0"/>
        <line num="9" count="2" type="stmt"/>
      </file>
      <file name="UserDisplay.tsx" path="/home/david/git/recipe_app/recipe_ui/src/components/common/UserDisplay.tsx">
        <metrics statements="8" coveredstatements="8" conditionals="13" coveredconditionals="9" methods="1" coveredmethods="1"/>
        <line num="8" count="5" type="stmt"/>
        <line num="9" count="185" type="stmt"/>
        <line num="11" count="185" type="cond" truecount="2" falsecount="0"/>
        <line num="12" count="48" type="stmt"/>
        <line num="15" count="137" type="cond" truecount="4" falsecount="0"/>
        <line num="16" count="15" type="stmt"/>
        <line num="19" count="122" type="cond" truecount="3" falsecount="1"/>
        <line num="23" count="185" type="stmt"/>
      </file>
    </package>
    <package name="src.components.layout">
      <metrics statements="7" coveredstatements="7" conditionals="18" coveredconditionals="18" methods="2" coveredmethods="2"/>
      <file name="Layout.tsx" path="/home/david/git/recipe_app/recipe_ui/src/components/layout/Layout.tsx">
        <metrics statements="7" coveredstatements="7" conditionals="18" coveredconditionals="18" methods="2" coveredmethods="2"/>
        <line num="13" count="2" type="stmt"/>
        <line num="14" count="58" type="stmt"/>
        <line num="15" count="58" type="stmt"/>
        <line num="17" count="58" type="stmt"/>
        <line num="51" count="2" type="stmt"/>
        <line num="52" count="11" type="stmt"/>
        <line num="54" count="11" type="stmt"/>
      </file>
    </package>
    <package name="src.context">
      <metrics statements="49" coveredstatements="37" conditionals="14" coveredconditionals="5" methods="12" coveredmethods="9"/>
      <file name="AuthContext.tsx" path="/home/david/git/recipe_app/recipe_ui/src/context/AuthContext.tsx">
        <metrics statements="49" coveredstatements="37" conditionals="14" coveredconditionals="5" methods="12" coveredmethods="9"/>
        <line num="15" count="8" type="stmt"/>
        <line num="17" count="8" type="stmt"/>
        <line num="18" count="19" type="stmt"/>
        <line num="19" count="19" type="stmt"/>
        <line num="20" count="19" type="stmt"/>
        <line num="23" count="19" type="stmt"/>
        <line num="24" count="5" type="stmt"/>
        <line num="25" count="5" type="stmt"/>
        <line num="28" count="0" type="stmt"/>
        <line num="33" count="19" type="stmt"/>
        <line num="34" count="5" type="cond" truecount="1" falsecount="1"/>
        <line num="36" count="5" type="stmt"/>
        <line num="37" count="5" type="cond" truecount="1" falsecount="1"/>
        <line num="39" count="0" type="stmt"/>
        <line num="40" count="0" type="stmt"/>
        <line num="41" count="0" type="stmt"/>
        <line num="44" count="5" type="stmt"/>
        <line num="45" count="5" type="stmt"/>
        <line num="46" count="5" type="stmt"/>
        <line num="48" count="0" type="stmt"/>
        <line num="53" count="19" type="stmt"/>
        <line num="54" count="16" type="cond" truecount="2" falsecount="0"/>
        <line num="55" count="5" type="stmt"/>
        <line num="56" count="5" type="stmt"/>
        <line num="58" count="5" type="stmt"/>
        <line num="60" count="11" type="stmt"/>
        <line num="61" count="11" type="stmt"/>
        <line num="62" count="11" type="stmt"/>
        <line num="66" count="19" type="stmt"/>
        <line num="67" count="4" type="stmt"/>
        <line num="70" count="19" type="stmt"/>
        <line num="71" count="0" type="stmt"/>
        <line num="74" count="19" type="stmt"/>
        <line num="75" count="12" type="stmt"/>
        <line num="76" count="11" type="stmt"/>
        <line num="78" count="0" type="cond" truecount="0" falsecount="4"/>
        <line num="79" count="0" type="stmt"/>
        <line num="81" count="0" type="stmt"/>
        <line num="85" count="12" type="stmt"/>
        <line num="86" count="12" type="stmt"/>
        <line num="90" count="19" type="stmt"/>
        <line num="91" count="0" type="cond" truecount="0" falsecount="2"/>
        <line num="92" count="0" type="stmt"/>
        <line num="96" count="19" type="stmt"/>
        <line num="104" count="8" type="stmt"/>
        <line num="105" count="35" type="stmt"/>
        <line num="106" count="35" type="cond" truecount="1" falsecount="1"/>
        <line num="107" count="0" type="stmt"/>
        <line num="109" count="35" type="stmt"/>
      </file>
    </package>
    <package name="src.features.admin.components">
      <metrics statements="82" coveredstatements="74" conditionals="34" coveredconditionals="25" methods="26" coveredmethods="25"/>
      <file name="AdminPendingRequests.tsx" path="/home/david/git/recipe_app/recipe_ui/src/features/admin/components/AdminPendingRequests.tsx">
        <metrics statements="33" coveredstatements="29" conditionals="10" coveredconditionals="7" methods="9" coveredmethods="8"/>
        <line num="21" count="1" type="stmt"/>
        <line num="22" count="10" type="stmt"/>
        <line num="23" count="10" type="stmt"/>
        <line num="24" count="10" type="stmt"/>
        <line num="25" count="10" type="stmt"/>
        <line num="29" count="10" type="stmt"/>
        <line num="31" count="10" type="stmt"/>
        <line num="32" count="3" type="stmt"/>
        <line num="35" count="10" type="stmt"/>
        <line num="36" count="4" type="stmt"/>
        <line num="37" count="4" type="stmt"/>
        <line num="38" count="4" type="stmt"/>
        <line num="40" count="0" type="stmt"/>
        <line num="47" count="10" type="stmt"/>
        <line num="48" count="1" type="stmt"/>
        <line num="49" count="1" type="stmt"/>
        <line num="50" count="1" type="stmt"/>
        <line num="53" count="10" type="stmt"/>
        <line num="54" count="1" type="cond" truecount="3" falsecount="1"/>
        <line num="56" count="1" type="stmt"/>
        <line num="57" count="1" type="stmt"/>
        <line num="58" count="1" type="stmt"/>
        <line num="61" count="1" type="stmt"/>
        <line num="65" count="1" type="stmt"/>
        <line num="66" count="1" type="stmt"/>
        <line num="68" count="0" type="stmt"/>
        <line num="69" count="0" type="stmt"/>
        <line num="75" count="1" type="stmt"/>
        <line num="79" count="10" type="stmt"/>
        <line num="95" count="7" type="stmt"/>
        <line num="104" count="1" type="stmt"/>
        <line num="143" count="1" type="stmt"/>
        <line num="154" count="0" type="stmt"/>
      </file>
      <file name="AdminUserManagement.tsx" path="/home/david/git/recipe_app/recipe_ui/src/features/admin/components/AdminUserManagement.tsx">
        <metrics statements="49" coveredstatements="45" conditionals="24" coveredconditionals="18" methods="17" coveredmethods="17"/>
        <line num="15" count="1" type="stmt"/>
        <line num="16" count="25" type="stmt"/>
        <line num="17" count="25" type="stmt"/>
        <line num="18" count="25" type="stmt"/>
        <line num="20" count="25" type="stmt"/>
        <line num="21" count="7" type="stmt"/>
        <line num="24" count="25" type="stmt"/>
        <line num="25" count="9" type="stmt"/>
        <line num="26" count="9" type="stmt"/>
        <line num="27" count="9" type="stmt"/>
        <line num="29" count="0" type="stmt"/>
        <line num="36" count="25" type="stmt"/>
        <line num="37" count="1" type="cond" truecount="1" falsecount="1"/>
        <line num="38" count="1" type="stmt"/>
        <line num="39" count="1" type="stmt"/>
        <line num="40" count="1" type="stmt"/>
        <line num="41" count="1" type="stmt"/>
        <line num="43" count="0" type="stmt"/>
        <line num="47" count="25" type="stmt"/>
        <line num="48" count="1" type="stmt"/>
        <line num="49" count="1" type="cond" truecount="1" falsecount="1"/>
        <line num="51" count="1" type="stmt"/>
        <line num="52" count="1" type="stmt"/>
        <line num="53" count="1" type="stmt"/>
        <line num="55" count="0" type="stmt"/>
        <line num="59" count="25" type="stmt"/>
        <line num="60" count="4" type="stmt"/>
        <line num="61" count="4" type="stmt"/>
        <line num="69" count="25" type="stmt"/>
        <line num="70" count="1" type="stmt"/>
        <line num="71" count="1" type="stmt"/>
        <line num="74" count="25" type="stmt"/>
        <line num="75" count="1" type="stmt"/>
        <line num="76" count="1" type="stmt"/>
        <line num="77" count="1" type="stmt"/>
        <line num="78" count="1" type="stmt"/>
        <line num="79" count="1" type="stmt"/>
        <line num="81" count="0" type="stmt"/>
        <line num="85" count="25" type="stmt"/>
        <line num="86" count="3" type="stmt"/>
        <line num="87" count="3" type="stmt"/>
        <line num="93" count="25" type="stmt"/>
        <line num="109" count="36" type="stmt"/>
        <line num="110" count="36" type="stmt"/>
        <line num="152" count="1" type="stmt"/>
        <line num="172" count="1" type="stmt"/>
        <line num="193" count="4" type="stmt"/>
        <line num="210" count="1" type="stmt"/>
        <line num="227" count="1" type="stmt"/>
      </file>
    </package>
    <package name="src.features.auth.components">
      <metrics statements="94" coveredstatements="84" conditionals="34" coveredconditionals="25" methods="18" coveredmethods="16"/>
      <file name="ChangePasswordPage.tsx" path="/home/david/git/recipe_app/recipe_ui/src/features/auth/components/ChangePasswordPage.tsx">
        <metrics statements="31" coveredstatements="25" conditionals="10" coveredconditionals="4" methods="5" coveredmethods="5"/>
        <line num="16" count="1" type="stmt"/>
        <line num="17" count="11" type="stmt"/>
        <line num="18" count="11" type="stmt"/>
        <line num="19" count="11" type="stmt"/>
        <line num="20" count="11" type="stmt"/>
        <line num="21" count="11" type="stmt"/>
        <line num="22" count="11" type="stmt"/>
        <line num="23" count="11" type="stmt"/>
        <line num="25" count="11" type="stmt"/>
        <line num="26" count="2" type="stmt"/>
        <line num="27" count="2" type="stmt"/>
        <line num="29" count="2" type="cond" truecount="2" falsecount="0"/>
        <line num="30" count="1" type="stmt"/>
        <line num="31" count="1" type="stmt"/>
        <line num="34" count="1" type="stmt"/>
        <line num="35" count="1" type="stmt"/>
        <line num="36" count="1" type="stmt"/>
        <line num="40" count="1" type="stmt"/>
        <line num="45" count="1" type="stmt"/>
        <line num="46" count="1" type="stmt"/>
        <line num="48" count="0" type="stmt"/>
        <line num="49" count="0" type="stmt"/>
        <line num="50" count="0" type="stmt"/>
        <line num="51" count="0" type="cond" truecount="0" falsecount="4"/>
        <line num="52" count="0" type="cond" truecount="0" falsecount="2"/>
        <line num="54" count="0" type="stmt"/>
        <line num="56" count="1" type="stmt"/>
        <line num="60" count="11" type="stmt"/>
        <line num="88" count="2" type="stmt"/>
        <line num="103" count="2" type="stmt"/>
        <line num="118" count="2" type="stmt"/>
      </file>
      <file name="LoginPage.tsx" path="/home/david/git/recipe_app/recipe_ui/src/features/auth/components/LoginPage.tsx">
        <metrics statements="26" coveredstatements="23" conditionals="6" coveredconditionals="5" methods="6" coveredmethods="5"/>
        <line num="15" count="2" type="stmt"/>
        <line num="16" count="23" type="stmt"/>
        <line num="17" count="23" type="stmt"/>
        <line num="18" count="23" type="stmt"/>
        <line num="19" count="23" type="stmt"/>
        <line num="20" count="23" type="stmt"/>
        <line num="21" count="23" type="stmt"/>
        <line num="22" count="23" type="stmt"/>
        <line num="25" count="23" type="cond" truecount="2" falsecount="0"/>
        <line num="27" count="23" type="stmt"/>
        <line num="28" count="7" type="cond" truecount="2" falsecount="0"/>
        <line num="29" count="4" type="stmt"/>
        <line num="33" count="23" type="stmt"/>
        <line num="34" count="4" type="stmt"/>
        <line num="35" count="4" type="stmt"/>
        <line num="36" count="4" type="stmt"/>
        <line num="37" count="4" type="stmt"/>
        <line num="38" count="4" type="stmt"/>
        <line num="42" count="4" type="stmt"/>
        <line num="44" count="0" type="stmt"/>
        <line num="45" count="0" type="stmt"/>
        <line num="47" count="4" type="stmt"/>
        <line num="51" count="23" type="stmt"/>
        <line num="82" count="4" type="stmt"/>
        <line num="99" count="4" type="stmt"/>
        <line num="126" count="0" type="stmt"/>
      </file>
      <file name="ProtectedRoute.tsx" path="/home/david/git/recipe_app/recipe_ui/src/features/auth/components/ProtectedRoute.tsx">
        <metrics statements="10" coveredstatements="10" conditionals="10" coveredconditionals="10" methods="1" coveredmethods="1"/>
        <line num="10" count="2" type="stmt"/>
        <line num="11" count="12" type="stmt"/>
        <line num="12" count="12" type="stmt"/>
        <line num="14" count="12" type="cond" truecount="2" falsecount="0"/>
        <line num="15" count="3" type="stmt"/>
        <line num="18" count="9" type="cond" truecount="4" falsecount="0"/>
        <line num="19" count="1" type="stmt"/>
        <line num="22" count="8" type="cond" truecount="4" falsecount="0"/>
        <line num="23" count="1" type="stmt"/>
        <line num="26" count="7" type="stmt"/>
      </file>
      <file name="RequestAccountPage.tsx" path="/home/david/git/recipe_app/recipe_ui/src/features/auth/components/RequestAccountPage.tsx">
        <metrics statements="27" coveredstatements="26" conditionals="8" coveredconditionals="6" methods="6" coveredmethods="5"/>
        <line num="15" count="1" type="stmt"/>
        <line num="16" count="13" type="stmt"/>
        <line num="17" count="13" type="stmt"/>
        <line num="18" count="13" type="stmt"/>
        <line num="19" count="13" type="stmt"/>
        <line num="20" count="13" type="stmt"/>
        <line num="21" count="13" type="stmt"/>
        <line num="23" count="13" type="stmt"/>
        <line num="24" count="2" type="stmt"/>
        <line num="25" count="2" type="stmt"/>
        <line num="26" count="2" type="stmt"/>
        <line num="27" count="2" type="stmt"/>
        <line num="28" count="2" type="stmt"/>
        <line num="33" count="1" type="stmt"/>
        <line num="39" count="1" type="stmt"/>
        <line num="41" count="1" type="stmt"/>
        <line num="43" count="1" type="stmt"/>
        <line num="44" count="1" type="stmt"/>
        <line num="45" count="1" type="cond" truecount="3" falsecount="1"/>
        <line num="46" count="1" type="cond" truecount="1" falsecount="1"/>
        <line num="48" count="1" type="stmt"/>
        <line num="50" count="2" type="stmt"/>
        <line num="54" count="13" type="stmt"/>
        <line num="85" count="2" type="stmt"/>
        <line num="102" count="2" type="stmt"/>
        <line num="119" count="2" type="stmt"/>
        <line num="143" count="0" type="stmt"/>
      </file>
    </package>
    <package name="src.features.meals.components">
      <metrics statements="1042" coveredstatements="652" conditionals="1249" coveredconditionals="635" methods="412" coveredmethods="200"/>
      <file name="CalendarView.tsx" path="/home/david/git/recipe_app/recipe_ui/src/features/meals/components/CalendarView.tsx">
        <metrics statements="52" coveredstatements="45" conditionals="28" coveredconditionals="23" methods="18" coveredmethods="13"/>
        <line num="12" count="2" type="stmt"/>
        <line num="13" count="5" type="stmt"/>
        <line num="14" count="5" type="stmt"/>
        <line num="15" count="5" type="stmt"/>
        <line num="16" count="5" type="stmt"/>
        <line num="17" count="5" type="stmt"/>
        <line num="20" count="2" type="stmt"/>
        <line num="21" count="42" type="stmt"/>
        <line num="24" count="2" type="stmt"/>
        <line num="25" count="6" type="stmt"/>
        <line num="26" count="6" type="stmt"/>
        <line num="28" count="6" type="stmt"/>
        <line num="29" count="6" type="stmt"/>
        <line num="30" count="6" type="stmt"/>
        <line num="31" count="42" type="stmt"/>
        <line num="32" count="42" type="stmt"/>
        <line num="33" count="42" type="stmt"/>
        <line num="35" count="6" type="stmt"/>
        <line num="38" count="6" type="stmt"/>
        <line num="39" count="6" type="stmt"/>
        <line num="41" count="6" type="stmt"/>
        <line num="42" count="5" type="stmt"/>
        <line num="43" count="5" type="stmt"/>
        <line num="44" count="15" type="cond" truecount="2" falsecount="0"/>
        <line num="45" count="10" type="cond" truecount="2" falsecount="0"/>
        <line num="46" count="10" type="stmt"/>
        <line num="47" count="10" type="stmt"/>
        <line num="50" count="5" type="stmt"/>
        <line num="53" count="6" type="stmt"/>
        <line num="54" count="15" type="stmt"/>
        <line num="58" count="6" type="stmt"/>
        <line num="59" count="0" type="stmt"/>
        <line num="60" count="0" type="stmt"/>
        <line num="61" count="0" type="stmt"/>
        <line num="64" count="6" type="stmt"/>
        <line num="65" count="1" type="stmt"/>
        <line num="66" count="1" type="stmt"/>
        <line num="67" count="1" type="stmt"/>
        <line num="70" count="6" type="stmt"/>
        <line num="71" count="0" type="stmt"/>
        <line num="74" count="6" type="stmt"/>
        <line num="75" count="6" type="stmt"/>
        <line num="77" count="6" type="stmt"/>
        <line num="119" count="42" type="stmt"/>
        <line num="120" count="42" type="cond" truecount="2" falsecount="0"/>
        <line num="121" count="42" type="stmt"/>
        <line num="123" count="42" type="stmt"/>
        <line num="150" count="10" type="stmt"/>
        <line num="157" count="0" type="stmt"/>
        <line num="164" count="0" type="cond" truecount="0" falsecount="2"/>
        <line num="188" count="6" type="stmt"/>
        <line num="196" count="0" type="stmt"/>
      </file>
      <file name="EditableClassificationBadge.tsx" path="/home/david/git/recipe_app/recipe_ui/src/features/meals/components/EditableClassificationBadge.tsx">
        <metrics statements="13" coveredstatements="8" conditionals="10" coveredconditionals="5" methods="6" coveredmethods="2"/>
        <line num="13" count="1" type="stmt"/>
        <line num="14" count="11" type="stmt"/>
        <line num="16" count="11" type="cond" truecount="1" falsecount="1"/>
        <line num="17" count="0" type="cond" truecount="0" falsecount="2"/>
        <line num="20" count="11" type="stmt"/>
        <line num="21" count="0" type="stmt"/>
        <line num="26" count="0" type="stmt"/>
        <line num="32" count="0" type="stmt"/>
        <line num="41" count="11" type="stmt"/>
        <line num="42" count="11" type="stmt"/>
        <line num="44" count="11" type="stmt"/>
        <line num="55" count="55" type="stmt"/>
        <line num="58" count="0" type="stmt"/>
      </file>
      <file name="EditableMealDate.tsx" path="/home/david/git/recipe_app/recipe_ui/src/features/meals/components/EditableMealDate.tsx">
        <metrics statements="40" coveredstatements="30" conditionals="32" coveredconditionals="20" methods="10" coveredmethods="7"/>
        <line num="13" count="1" type="stmt"/>
        <line num="14" count="17" type="stmt"/>
        <line num="15" count="17" type="cond" truecount="2" falsecount="0"/>
        <line num="16" count="17" type="stmt"/>
        <line num="18" count="17" type="stmt"/>
        <line num="19" count="9" type="cond" truecount="2" falsecount="0"/>
        <line num="22" count="17" type="stmt"/>
        <line num="23" count="1" type="cond" truecount="1" falsecount="1"/>
        <line num="25" count="1" type="stmt"/>
        <line num="30" count="1" type="stmt"/>
        <line num="31" count="1" type="stmt"/>
        <line num="37" count="0" type="stmt"/>
        <line num="46" count="17" type="stmt"/>
        <line num="47" count="0" type="cond" truecount="0" falsecount="2"/>
        <line num="48" count="0" type="stmt"/>
        <line num="51" count="17" type="stmt"/>
        <line num="52" count="0" type="cond" truecount="0" falsecount="2"/>
        <line num="53" count="0" type="stmt"/>
        <line num="54" count="0" type="cond" truecount="0" falsecount="2"/>
        <line num="55" count="0" type="stmt"/>
        <line num="59" count="17" type="stmt"/>
        <line num="60" count="14" type="cond" truecount="2" falsecount="0"/>
        <line num="61" count="10" type="stmt"/>
        <line num="62" count="10" type="cond" truecount="1" falsecount="1"/>
        <line num="63" count="10" type="stmt"/>
        <line num="64" count="10" type="stmt"/>
        <line num="65" count="10" type="stmt"/>
        <line num="66" count="10" type="stmt"/>
        <line num="68" count="0" type="stmt"/>
        <line num="71" count="17" type="cond" truecount="2" falsecount="0"/>
        <line num="72" count="3" type="stmt"/>
        <line num="77" count="1" type="stmt"/>
        <line num="113" count="14" type="stmt"/>
        <line num="114" count="14" type="stmt"/>
        <line num="116" count="14" type="cond" truecount="2" falsecount="2"/>
        <line num="117" count="0" type="stmt"/>
        <line num="120" count="14" type="cond" truecount="1" falsecount="1"/>
        <line num="121" count="0" type="stmt"/>
        <line num="124" count="14" type="stmt"/>
        <line num="134" count="1" type="stmt"/>
      </file>
      <file name="EditableMealName.tsx" path="/home/david/git/recipe_app/recipe_ui/src/features/meals/components/EditableMealName.tsx">
        <metrics statements="25" coveredstatements="18" conditionals="18" coveredconditionals="10" methods="9" coveredmethods="6"/>
        <line num="13" count="1" type="stmt"/>
        <line num="14" count="17" type="stmt"/>
        <line num="15" count="17" type="stmt"/>
        <line num="16" count="17" type="stmt"/>
        <line num="18" count="17" type="stmt"/>
        <line num="19" count="8" type="stmt"/>
        <line num="22" count="17" type="stmt"/>
        <line num="23" count="1" type="cond" truecount="1" falsecount="1"/>
        <line num="25" count="1" type="stmt"/>
        <line num="30" count="1" type="stmt"/>
        <line num="31" count="1" type="stmt"/>
        <line num="37" count="0" type="stmt"/>
        <line num="46" count="17" type="stmt"/>
        <line num="47" count="0" type="stmt"/>
        <line num="48" count="0" type="stmt"/>
        <line num="51" count="17" type="stmt"/>
        <line num="52" count="0" type="cond" truecount="0" falsecount="2"/>
        <line num="53" count="0" type="stmt"/>
        <line num="54" count="0" type="cond" truecount="0" falsecount="2"/>
        <line num="55" count="0" type="stmt"/>
        <line num="59" count="17" type="cond" truecount="2" falsecount="0"/>
        <line num="60" count="3" type="stmt"/>
        <line num="64" count="1" type="stmt"/>
        <line num="95" count="14" type="stmt"/>
        <line num="100" count="1" type="cond" truecount="2" falsecount="0"/>
      </file>
      <file name="EditableStatusBadge.tsx" path="/home/david/git/recipe_app/recipe_ui/src/features/meals/components/EditableStatusBadge.tsx">
        <metrics statements="17" coveredstatements="12" conditionals="9" coveredconditionals="6" methods="7" coveredmethods="3"/>
        <line num="13" count="1" type="stmt"/>
        <line num="14" count="44" type="cond" truecount="3" falsecount="0"/>
        <line num="15" count="11" type="stmt"/>
        <line num="16" count="11" type="stmt"/>
        <line num="17" count="22" type="stmt"/>
        <line num="21" count="1" type="stmt"/>
        <line num="22" count="11" type="stmt"/>
        <line num="24" count="11" type="cond" truecount="1" falsecount="1"/>
        <line num="25" count="0" type="stmt"/>
        <line num="28" count="11" type="stmt"/>
        <line num="29" count="0" type="stmt"/>
        <line num="34" count="0" type="stmt"/>
        <line num="40" count="0" type="stmt"/>
        <line num="49" count="11" type="stmt"/>
        <line num="51" count="11" type="stmt"/>
        <line num="62" count="33" type="stmt"/>
        <line num="65" count="0" type="stmt"/>
      </file>
      <file name="ExpandableRecipeCard.tsx" path="/home/david/git/recipe_app/recipe_ui/src/features/meals/components/ExpandableRecipeCard.tsx">
        <metrics statements="12" coveredstatements="10" conditionals="33" coveredconditionals="28" methods="5" coveredmethods="4"/>
        <line num="28" count="2" type="cond" truecount="1" falsecount="0"/>
        <line num="29" count="8" type="stmt"/>
        <line num="30" count="8" type="stmt"/>
        <line num="31" count="8" type="stmt"/>
        <line num="33" count="8" type="stmt"/>
        <line num="34" count="4" type="stmt"/>
        <line num="37" count="8" type="stmt"/>
        <line num="39" count="8" type="stmt"/>
        <line num="40" count="0" type="stmt"/>
        <line num="41" count="0" type="stmt"/>
        <line num="51" count="8" type="stmt"/>
        <line num="137" count="3" type="stmt"/>
      </file>
      <file name="GenerateMealModal.tsx" path="/home/david/git/recipe_app/recipe_ui/src/features/meals/components/GenerateMealModal.tsx">
        <metrics statements="13" coveredstatements="11" conditionals="10" coveredconditionals="6" methods="6" coveredmethods="5"/>
        <line num="22" count="3" type="stmt"/>
        <line num="29" count="54" type="stmt"/>
        <line num="32" count="54" type="stmt"/>
        <line num="33" count="23" type="cond" truecount="2" falsecount="0"/>
        <line num="34" count="6" type="stmt"/>
        <line num="38" count="54" type="stmt"/>
        <line num="39" count="6" type="cond" truecount="2" falsecount="0"/>
        <line num="42" count="54" type="cond" truecount="2" falsecount="0"/>
        <line num="44" count="21" type="stmt"/>
        <line num="58" count="0" type="cond" truecount="0" falsecount="4"/>
        <line num="59" count="0" type="stmt"/>
        <line num="71" count="6" type="stmt"/>
        <line num="106" count="1" type="stmt"/>
      </file>
      <file name="GenerateMealsModal.tsx" path="/home/david/git/recipe_app/recipe_ui/src/features/meals/components/GenerateMealsModal.tsx">
        <metrics statements="14" coveredstatements="12" conditionals="10" coveredconditionals="6" methods="6" coveredmethods="5"/>
        <line num="22" count="2" type="stmt"/>
        <line num="28" count="15" type="stmt"/>
        <line num="30" count="15" type="stmt"/>
        <line num="31" count="9" type="cond" truecount="2" falsecount="0"/>
        <line num="32" count="5" type="stmt"/>
        <line num="36" count="15" type="stmt"/>
        <line num="37" count="1" type="stmt"/>
        <line num="38" count="1" type="stmt"/>
        <line num="41" count="15" type="cond" truecount="2" falsecount="0"/>
        <line num="43" count="9" type="stmt"/>
        <line num="57" count="0" type="cond" truecount="0" falsecount="4"/>
        <line num="58" count="0" type="stmt"/>
        <line num="70" count="2" type="stmt"/>
        <line num="109" count="2" type="cond" truecount="2" falsecount="0"/>
      </file>
      <file name="IngredientAggregation.tsx" path="/home/david/git/recipe_app/recipe_ui/src/features/meals/components/IngredientAggregation.tsx">
        <metrics statements="53" coveredstatements="38" conditionals="58" coveredconditionals="40" methods="19" coveredmethods="14"/>
        <line num="20" count="2" type="stmt"/>
        <line num="21" count="10" type="stmt"/>
        <line num="22" count="10" type="stmt"/>
        <line num="23" count="10" type="stmt"/>
        <line num="24" count="10" type="stmt"/>
        <line num="26" count="10" type="cond" truecount="3" falsecount="1"/>
        <line num="29" count="10" type="stmt"/>
        <line num="30" count="19" type="cond" truecount="1" falsecount="1"/>
        <line num="31" count="19" type="stmt"/>
        <line num="32" count="18" type="cond" truecount="1" falsecount="1"/>
        <line num="33" count="18" type="stmt"/>
        <line num="35" count="36" type="stmt"/>
        <line num="36" count="36" type="cond" truecount="2" falsecount="0"/>
        <line num="37" count="27" type="stmt"/>
        <line num="44" count="36" type="stmt"/>
        <line num="45" count="36" type="cond" truecount="1" falsecount="1"/>
        <line num="46" count="36" type="stmt"/>
        <line num="50" count="19" type="stmt"/>
        <line num="53" count="10" type="stmt"/>
        <line num="54" count="18" type="stmt"/>
        <line num="57" count="10" type="stmt"/>
        <line num="58" count="10" type="stmt"/>
        <line num="59" count="0" type="cond" truecount="0" falsecount="2"/>
        <line num="60" count="0" type="stmt"/>
        <line num="61" count="0" type="cond" truecount="0" falsecount="2"/>
        <line num="62" count="0" type="stmt"/>
        <line num="64" count="0" type="stmt"/>
        <line num="66" count="0" type="stmt"/>
        <line num="69" count="10" type="stmt"/>
        <line num="70" count="0" type="stmt"/>
        <line num="71" count="0" type="stmt"/>
        <line num="72" count="0" type="cond" truecount="0" falsecount="2"/>
        <line num="73" count="0" type="stmt"/>
        <line num="75" count="0" type="stmt"/>
        <line num="77" count="0" type="stmt"/>
        <line num="80" count="10" type="stmt"/>
        <line num="81" count="16" type="stmt"/>
        <line num="82" count="16" type="cond" truecount="1" falsecount="1"/>
        <line num="84" count="16" type="stmt"/>
        <line num="90" count="0" type="stmt"/>
        <line num="122" count="10" type="stmt"/>
        <line num="146" count="0" type="stmt"/>
        <line num="157" count="1" type="stmt"/>
        <line num="158" count="2" type="stmt"/>
        <line num="173" count="12" type="stmt"/>
        <line num="174" count="12" type="stmt"/>
        <line num="187" count="2" type="stmt"/>
        <line num="188" count="2" type="cond" truecount="1" falsecount="1"/>
        <line num="190" count="2" type="stmt"/>
        <line num="195" count="0" type="stmt"/>
        <line num="211" count="2" type="stmt"/>
        <line num="213" count="4" type="stmt"/>
        <line num="214" count="4" type="stmt"/>
      </file>
      <file name="MealDetails.tsx" path="/home/david/git/recipe_app/recipe_ui/src/features/meals/components/MealDetails.tsx">
        <metrics statements="44" coveredstatements="28" conditionals="81" coveredconditionals="56" methods="13" coveredmethods="6"/>
        <line num="33" count="1" type="stmt"/>
        <line num="34" count="19" type="stmt"/>
        <line num="35" count="19" type="stmt"/>
        <line num="36" count="19" type="stmt"/>
        <line num="37" count="19" type="stmt"/>
        <line num="38" count="19" type="stmt"/>
        <line num="41" count="19" type="cond" truecount="1" falsecount="1"/>
        <line num="42" count="19" type="stmt"/>
        <line num="43" count="19" type="stmt"/>
        <line num="46" count="19" type="stmt"/>
        <line num="49" count="19" type="cond" truecount="2" falsecount="0"/>
        <line num="52" count="19" type="cond" truecount="2" falsecount="0"/>
        <line num="57" count="19" type="stmt"/>
        <line num="62" count="19" type="cond" truecount="2" falsecount="0"/>
        <line num="64" count="19" type="stmt"/>
        <line num="65" count="19" type="stmt"/>
        <line num="66" count="19" type="stmt"/>
        <line num="68" count="19" type="cond" truecount="1" falsecount="3"/>
        <line num="70" count="19" type="cond" truecount="2" falsecount="0"/>
        <line num="71" count="8" type="stmt"/>
        <line num="78" count="11" type="cond" truecount="3" falsecount="1"/>
        <line num="79" count="0" type="stmt"/>
        <line num="85" count="0" type="stmt"/>
        <line num="90" count="11" type="stmt"/>
        <line num="91" count="0" type="cond" truecount="0" falsecount="2"/>
        <line num="92" count="0" type="stmt"/>
        <line num="93" count="0" type="stmt"/>
        <line num="94" count="0" type="stmt"/>
        <line num="95" count="0" type="stmt"/>
        <line num="97" count="0" type="stmt"/>
        <line num="98" count="0" type="stmt"/>
        <line num="103" count="11" type="stmt"/>
        <line num="104" count="3" type="cond" truecount="1" falsecount="1"/>
        <line num="105" count="3" type="cond" truecount="3" falsecount="1"/>
        <line num="106" count="0" type="cond" truecount="0" falsecount="2"/>
        <line num="107" count="0" type="cond" truecount="0" falsecount="2"/>
        <line num="110" count="11" type="cond" truecount="1" falsecount="1"/>
        <line num="112" count="11" type="stmt"/>
        <line num="192" count="0" type="stmt"/>
        <line num="199" count="0" type="stmt"/>
        <line num="304" count="0" type="stmt"/>
        <line num="315" count="0" type="stmt"/>
        <line num="332" count="1" type="stmt"/>
        <line num="350" count="0" type="stmt"/>
      </file>
      <file name="MealFilters.tsx" path="/home/david/git/recipe_app/recipe_ui/src/features/meals/components/MealFilters.tsx">
        <metrics statements="47" coveredstatements="34" conditionals="71" coveredconditionals="45" methods="23" coveredmethods="13"/>
        <line num="27" count="3" type="stmt"/>
        <line num="28" count="34" type="stmt"/>
        <line num="29" count="34" type="stmt"/>
        <line num="30" count="34" type="stmt"/>
        <line num="33" count="34" type="stmt"/>
        <line num="34" count="10" type="stmt"/>
        <line num="38" count="34" type="stmt"/>
        <line num="39" count="10" type="stmt"/>
        <line num="40" count="13" type="cond" truecount="2" falsecount="0"/>
        <line num="42" count="1" type="cond" truecount="1" falsecount="1"/>
        <line num="43" count="0" type="cond" truecount="0" falsecount="4"/>
        <line num="44" count="0" type="cond" truecount="0" falsecount="3"/>
        <line num="46" count="0" type="cond" truecount="0" falsecount="2"/>
        <line num="49" count="10" type="cond" truecount="2" falsecount="0"/>
        <line num="50" count="1" type="stmt"/>
        <line num="55" count="34" type="stmt"/>
        <line num="56" count="2" type="stmt"/>
        <line num="57" count="2" type="stmt"/>
        <line num="58" count="2" type="stmt"/>
        <line num="61" count="34" type="stmt"/>
        <line num="62" count="1" type="stmt"/>
        <line num="63" count="1" type="stmt"/>
        <line num="64" count="1" type="stmt"/>
        <line num="67" count="34" type="stmt"/>
        <line num="69" count="34" type="stmt"/>
        <line num="78" count="34" type="stmt"/>
        <line num="79" count="39" type="cond" truecount="2" falsecount="0"/>
        <line num="80" count="5" type="cond" truecount="2" falsecount="0"/>
        <line num="81" count="3" type="cond" truecount="2" falsecount="2"/>
        <line num="82" count="0" type="cond" truecount="0" falsecount="3"/>
        <line num="84" count="3" type="cond" truecount="2" falsecount="0"/>
        <line num="87" count="34" type="stmt"/>
        <line num="98" count="1" type="stmt"/>
        <line num="107" count="102" type="stmt"/>
        <line num="109" count="0" type="cond" truecount="0" falsecount="2"/>
        <line num="128" count="2" type="stmt"/>
        <line num="147" count="35" type="stmt"/>
        <line num="149" count="0" type="cond" truecount="0" falsecount="2"/>
        <line num="156" count="0" type="cond" truecount="2" falsecount="0"/>
        <line num="158" count="0" type="cond" truecount="0" falsecount="2"/>
        <line num="169" count="0" type="cond" truecount="0" falsecount="2"/>
        <line num="177" count="0" type="cond" truecount="0" falsecount="2"/>
        <line num="190" count="1" type="stmt"/>
        <line num="207" count="0" type="stmt"/>
        <line num="208" count="0" type="stmt"/>
        <line num="222" count="0" type="stmt"/>
        <line num="224" count="1" type="cond" truecount="1" falsecount="1"/>
      </file>
      <file name="MealForm.tsx" path="/home/david/git/recipe_app/recipe_ui/src/features/meals/components/MealForm.tsx">
        <metrics statements="21" coveredstatements="20" conditionals="22" coveredconditionals="19" methods="10" coveredmethods="9"/>
        <line num="29" count="2" type="stmt"/>
        <line num="35" count="2" type="stmt"/>
        <line num="43" count="2" type="stmt"/>
        <line num="44" count="17" type="cond" truecount="2" falsecount="0"/>
        <line num="45" count="17" type="cond" truecount="2" falsecount="0"/>
        <line num="46" count="17" type="cond" truecount="2" falsecount="0"/>
        <line num="47" count="17" type="cond" truecount="2" falsecount="0"/>
        <line num="48" count="17" type="stmt"/>
        <line num="49" count="2" type="cond" truecount="2" falsecount="0"/>
        <line num="52" count="17" type="stmt"/>
        <line num="53" count="2" type="stmt"/>
        <line num="55" count="3" type="stmt"/>
        <line num="57" count="2" type="stmt"/>
        <line num="65" count="2" type="stmt"/>
        <line num="68" count="17" type="stmt"/>
        <line num="79" count="3" type="stmt"/>
        <line num="93" count="76" type="stmt"/>
        <line num="95" count="1" type="cond" truecount="1" falsecount="1"/>
        <line num="111" count="18" type="stmt"/>
        <line num="113" count="1" type="cond" truecount="1" falsecount="1"/>
        <line num="127" count="0" type="stmt"/>
      </file>
      <file name="MealHistoryList.tsx" path="/home/david/git/recipe_app/recipe_ui/src/features/meals/components/MealHistoryList.tsx">
        <metrics statements="36" coveredstatements="24" conditionals="46" coveredconditionals="26" methods="16" coveredmethods="9"/>
        <line num="11" count="1" type="stmt"/>
        <line num="12" count="6" type="stmt"/>
        <line num="13" count="6" type="stmt"/>
        <line num="15" count="6" type="stmt"/>
        <line num="28" count="6" type="stmt"/>
        <line num="30" count="6" type="stmt"/>
        <line num="31" count="6" type="stmt"/>
        <line num="33" count="6" type="stmt"/>
        <line num="34" count="4" type="cond" truecount="2" falsecount="0"/>
        <line num="35" count="2" type="cond" truecount="3" falsecount="1"/>
        <line num="37" count="0" type="cond" truecount="0" falsecount="2"/>
        <line num="39" count="0" type="stmt"/>
        <line num="40" count="0" type="cond" truecount="0" falsecount="4"/>
        <line num="41" count="0" type="stmt"/>
        <line num="49" count="0" type="stmt"/>
        <line num="51" count="0" type="stmt"/>
        <line num="52" count="0" type="cond" truecount="0" falsecount="2"/>
        <line num="56" count="6" type="cond" truecount="2" falsecount="0"/>
        <line num="59" count="6" type="stmt"/>
        <line num="60" count="4" type="stmt"/>
        <line num="61" count="4" type="stmt"/>
        <line num="62" count="2" type="stmt"/>
        <line num="63" count="0" type="cond" truecount="0" falsecount="2"/>
        <line num="66" count="4" type="stmt"/>
        <line num="69" count="6" type="stmt"/>
        <line num="75" count="6" type="stmt"/>
        <line num="76" count="2" type="stmt"/>
        <line num="77" count="2" type="stmt"/>
        <line num="78" count="0" type="stmt"/>
        <line num="80" count="2" type="stmt"/>
        <line num="83" count="6" type="cond" truecount="1" falsecount="1"/>
        <line num="84" count="0" type="cond" truecount="0" falsecount="2"/>
        <line num="87" count="6" type="stmt"/>
        <line num="104" count="2" type="stmt"/>
        <line num="106" count="0" type="stmt"/>
        <line num="119" count="0" type="stmt"/>
      </file>
      <file name="MealList.tsx" path="/home/david/git/recipe_app/recipe_ui/src/features/meals/components/MealList.tsx">
        <metrics statements="58" coveredstatements="46" conditionals="58" coveredconditionals="38" methods="23" coveredmethods="15"/>
        <line num="13" count="2" type="stmt"/>
        <line num="14" count="12" type="stmt"/>
        <line num="15" count="12" type="stmt"/>
        <line num="18" count="12" type="stmt"/>
        <line num="19" count="4" type="stmt"/>
        <line num="21" count="4" type="cond" truecount="1" falsecount="1"/>
        <line num="22" count="4" type="stmt"/>
        <line num="24" count="4" type="stmt"/>
        <line num="34" count="12" type="stmt"/>
        <line num="36" count="12" type="stmt"/>
        <line num="37" count="12" type="stmt"/>
        <line num="39" count="12" type="stmt"/>
        <line num="40" count="10" type="cond" truecount="2" falsecount="0"/>
        <line num="41" count="6" type="cond" truecount="4" falsecount="0"/>
        <line num="43" count="1" type="cond" truecount="1" falsecount="1"/>
        <line num="45" count="1" type="stmt"/>
        <line num="46" count="1" type="cond" truecount="3" falsecount="1"/>
        <line num="47" count="1" type="stmt"/>
        <line num="55" count="1" type="stmt"/>
        <line num="57" count="1" type="stmt"/>
        <line num="58" count="1" type="cond" truecount="1" falsecount="1"/>
        <line num="62" count="12" type="stmt"/>
        <line num="63" count="0" type="stmt"/>
        <line num="66" count="12" type="stmt"/>
        <line num="67" count="0" type="stmt"/>
        <line num="70" count="12" type="cond" truecount="1" falsecount="1"/>
        <line num="71" count="12" type="stmt"/>
        <line num="72" count="12" type="cond" truecount="1" falsecount="1"/>
        <line num="73" count="12" type="cond" truecount="1" falsecount="1"/>
        <line num="75" count="12" type="stmt"/>
        <line num="76" count="0" type="cond" truecount="0" falsecount="2"/>
        <line num="77" count="0" type="stmt"/>
        <line num="80" count="12" type="stmt"/>
        <line num="81" count="0" type="cond" truecount="0" falsecount="2"/>
        <line num="82" count="0" type="stmt"/>
        <line num="83" count="0" type="stmt"/>
        <line num="86" count="12" type="cond" truecount="2" falsecount="0"/>
        <line num="89" count="12" type="stmt"/>
        <line num="90" count="7" type="stmt"/>
        <line num="91" count="7" type="stmt"/>
        <line num="92" count="61" type="stmt"/>
        <line num="93" count="2" type="cond" truecount="1" falsecount="1"/>
        <line num="96" count="7" type="stmt"/>
        <line num="100" count="12" type="stmt"/>
        <line num="106" count="12" type="stmt"/>
        <line num="107" count="5" type="stmt"/>
        <line num="108" count="5" type="stmt"/>
        <line num="109" count="2" type="stmt"/>
        <line num="111" count="5" type="stmt"/>
        <line num="114" count="12" type="cond" truecount="1" falsecount="1"/>
        <line num="115" count="0" type="stmt"/>
        <line num="122" count="12" type="stmt"/>
        <line num="126" count="0" type="stmt"/>
        <line num="141" count="0" type="stmt"/>
        <line num="163" count="0" type="stmt"/>
        <line num="202" count="62" type="stmt"/>
        <line num="204" count="0" type="stmt"/>
        <line num="217" count="4" type="stmt"/>
      </file>
      <file name="MealQueueCard.tsx" path="/home/david/git/recipe_app/recipe_ui/src/features/meals/components/MealQueueCard.tsx">
        <metrics statements="8" coveredstatements="6" conditionals="24" coveredconditionals="18" methods="4" coveredmethods="2"/>
        <line num="13" count="2" type="stmt"/>
        <line num="14" count="12" type="stmt"/>
        <line num="22" count="12" type="stmt"/>
        <line num="24" count="12" type="stmt"/>
        <line num="31" count="18" type="cond" truecount="1" falsecount="1"/>
        <line num="33" count="12" type="stmt"/>
        <line num="44" count="0" type="stmt"/>
        <line num="53" count="0" type="stmt"/>
      </file>
      <file name="RecipeFilterModal.tsx" path="/home/david/git/recipe_app/recipe_ui/src/features/meals/components/RecipeFilterModal.tsx">
        <metrics statements="15" coveredstatements="12" conditionals="6" coveredconditionals="4" methods="6" coveredmethods="4"/>
        <line num="19" count="5" type="stmt"/>
        <line num="25" count="57" type="stmt"/>
        <line num="28" count="57" type="stmt"/>
        <line num="29" count="52" type="cond" truecount="2" falsecount="0"/>
        <line num="30" count="5" type="stmt"/>
        <line num="34" count="57" type="stmt"/>
        <line num="35" count="1" type="stmt"/>
        <line num="36" count="1" type="stmt"/>
        <line num="39" count="57" type="stmt"/>
        <line num="40" count="0" type="stmt"/>
        <line num="43" count="57" type="cond" truecount="2" falsecount="0"/>
        <line num="45" count="10" type="stmt"/>
        <line num="60" count="0" type="cond" truecount="0" falsecount="2"/>
        <line num="61" count="0" type="stmt"/>
        <line num="76" count="3" type="stmt"/>
      </file>
      <file name="RecipeSearchSelector.tsx" path="/home/david/git/recipe_app/recipe_ui/src/features/meals/components/RecipeSearchSelector.tsx">
        <metrics statements="48" coveredstatements="34" conditionals="74" coveredconditionals="51" methods="26" coveredmethods="16"/>
        <line num="27" count="7" type="stmt"/>
        <line num="29" count="12" type="stmt"/>
        <line num="32" count="12" type="stmt"/>
        <line num="33" count="12" type="stmt"/>
        <line num="34" count="12" type="stmt"/>
        <line num="43" count="12" type="stmt"/>
        <line num="49" count="12" type="cond" truecount="2" falsecount="0"/>
        <line num="54" count="12" type="cond" truecount="2" falsecount="0"/>
        <line num="57" count="12" type="stmt"/>
        <line num="60" count="12" type="cond" truecount="2" falsecount="0"/>
        <line num="63" count="12" type="stmt"/>
        <line num="64" count="12" type="stmt"/>
        <line num="66" count="12" type="stmt"/>
        <line num="67" count="12" type="cond" truecount="2" falsecount="0"/>
        <line num="68" count="5" type="cond" truecount="3" falsecount="1"/>
        <line num="70" count="0" type="cond" truecount="0" falsecount="2"/>
        <line num="72" count="0" type="stmt"/>
        <line num="73" count="0" type="cond" truecount="0" falsecount="4"/>
        <line num="74" count="0" type="stmt"/>
        <line num="82" count="0" type="stmt"/>
        <line num="84" count="0" type="stmt"/>
        <line num="85" count="0" type="cond" truecount="0" falsecount="2"/>
        <line num="89" count="12" type="stmt"/>
        <line num="90" count="1" type="cond" truecount="1" falsecount="1"/>
        <line num="91" count="0" type="stmt"/>
        <line num="93" count="1" type="stmt"/>
        <line num="97" count="12" type="stmt"/>
        <line num="98" count="1" type="stmt"/>
        <line num="101" count="12" type="stmt"/>
        <line num="102" count="0" type="stmt"/>
        <line num="105" count="12" type="stmt"/>
        <line num="106" count="0" type="stmt"/>
        <line num="109" count="12" type="cond" truecount="1" falsecount="1"/>
        <line num="111" count="12" type="stmt"/>
        <line num="119" count="12" type="stmt"/>
        <line num="129" count="4" type="stmt"/>
        <line num="130" count="4" type="stmt"/>
        <line num="146" count="1" type="stmt"/>
        <line num="167" count="0" type="stmt"/>
        <line num="175" count="20" type="cond" truecount="2" falsecount="0"/>
        <line num="177" count="0" type="cond" truecount="0" falsecount="2"/>
        <line num="182" count="20" type="cond" truecount="2" falsecount="0"/>
        <line num="184" count="0" type="cond" truecount="0" falsecount="2"/>
        <line num="189" count="20" type="cond" truecount="2" falsecount="0"/>
        <line num="191" count="0" type="cond" truecount="0" falsecount="2"/>
        <line num="230" count="20" type="stmt"/>
        <line num="231" count="20" type="stmt"/>
        <line num="242" count="1" type="stmt"/>
      </file>
      <file name="RecipeSelectionModal.tsx" path="/home/david/git/recipe_app/recipe_ui/src/features/meals/components/RecipeSelectionModal.tsx">
        <metrics statements="20" coveredstatements="8" conditionals="6" coveredconditionals="2" methods="9" coveredmethods="2"/>
        <line num="21" count="1" type="stmt"/>
        <line num="27" count="11" type="stmt"/>
        <line num="28" count="11" type="stmt"/>
        <line num="31" count="11" type="stmt"/>
        <line num="32" count="11" type="cond" truecount="1" falsecount="1"/>
        <line num="33" count="0" type="stmt"/>
        <line num="37" count="11" type="stmt"/>
        <line num="38" count="0" type="stmt"/>
        <line num="42" count="0" type="stmt"/>
        <line num="47" count="0" type="stmt"/>
        <line num="51" count="0" type="stmt"/>
        <line num="54" count="0" type="stmt"/>
        <line num="64" count="11" type="stmt"/>
        <line num="65" count="0" type="stmt"/>
        <line num="66" count="0" type="stmt"/>
        <line num="69" count="11" type="cond" truecount="1" falsecount="1"/>
        <line num="71" count="0" type="stmt"/>
        <line num="86" count="0" type="cond" truecount="0" falsecount="2"/>
        <line num="87" count="0" type="stmt"/>
        <line num="102" count="0" type="stmt"/>
      </file>
      <file name="ShoppingListPanel.tsx" path="/home/david/git/recipe_app/recipe_ui/src/features/meals/components/ShoppingListPanel.tsx">
        <metrics statements="6" coveredstatements="6" conditionals="15" coveredconditionals="12" methods="4" coveredmethods="4"/>
        <line num="20" count="2" type="stmt"/>
        <line num="21" count="10" type="cond" truecount="2" falsecount="0"/>
        <line num="23" count="6" type="stmt"/>
        <line num="25" count="4" type="stmt"/>
        <line num="69" count="6" type="stmt"/>
        <line num="93" count="6" type="stmt"/>
      </file>
      <file name="TemplateDetails.tsx" path="/home/david/git/recipe_app/recipe_ui/src/features/meals/components/TemplateDetails.tsx">
        <metrics statements="77" coveredstatements="45" conditionals="81" coveredconditionals="44" methods="19" coveredmethods="6"/>
        <line num="13" count="1" type="stmt"/>
        <line num="14" count="22" type="stmt"/>
        <line num="15" count="22" type="stmt"/>
        <line num="16" count="22" type="stmt"/>
        <line num="17" count="22" type="stmt"/>
        <line num="18" count="22" type="cond" truecount="1" falsecount="1"/>
        <line num="19" count="22" type="stmt"/>
        <line num="20" count="22" type="stmt"/>
        <line num="21" count="22" type="stmt"/>
        <line num="22" count="22" type="stmt"/>
        <line num="24" count="22" type="stmt"/>
        <line num="25" count="22" type="stmt"/>
        <line num="26" count="22" type="stmt"/>
        <line num="29" count="22" type="stmt"/>
        <line num="30" count="5" type="cond" truecount="1" falsecount="1"/>
        <line num="31" count="5" type="stmt"/>
        <line num="32" count="5" type="stmt"/>
        <line num="33" count="5" type="cond" truecount="2" falsecount="0"/>
        <line num="35" count="0" type="stmt"/>
        <line num="36" count="0" type="stmt"/>
        <line num="41" count="22" type="stmt"/>
        <line num="42" count="5" type="cond" truecount="1" falsecount="1"/>
        <line num="43" count="5" type="stmt"/>
        <line num="44" count="5" type="stmt"/>
        <line num="46" count="0" type="stmt"/>
        <line num="50" count="22" type="cond" truecount="4" falsecount="0"/>
        <line num="52" count="22" type="cond" truecount="2" falsecount="0"/>
        <line num="53" count="5" type="stmt"/>
        <line num="60" count="17" type="cond" truecount="3" falsecount="1"/>
        <line num="61" count="0" type="stmt"/>
        <line num="67" count="0" type="stmt"/>
        <line num="72" count="17" type="stmt"/>
        <line num="73" count="0" type="cond" truecount="0" falsecount="2"/>
        <line num="74" count="0" type="stmt"/>
        <line num="75" count="0" type="stmt"/>
        <line num="76" count="0" type="stmt"/>
        <line num="77" count="0" type="stmt"/>
        <line num="79" count="0" type="stmt"/>
        <line num="80" count="0" type="stmt"/>
        <line num="85" count="17" type="stmt"/>
        <line num="86" count="3" type="cond" truecount="1" falsecount="1"/>
        <line num="87" count="3" type="stmt"/>
        <line num="88" count="3" type="stmt"/>
        <line num="89" count="3" type="stmt"/>
        <line num="95" count="0" type="stmt"/>
        <line num="96" count="0" type="stmt"/>
        <line num="98" count="2" type="stmt"/>
        <line num="102" count="2" type="stmt"/>
        <line num="103" count="2" type="stmt"/>
        <line num="112" count="1" type="stmt"/>
        <line num="113" count="1" type="stmt"/>
        <line num="118" count="3" type="stmt"/>
        <line num="122" count="17" type="stmt"/>
        <line num="123" count="0" type="cond" truecount="0" falsecount="2"/>
        <line num="124" count="0" type="cond" truecount="0" falsecount="4"/>
        <line num="125" count="0" type="cond" truecount="0" falsecount="2"/>
        <line num="126" count="0" type="cond" truecount="0" falsecount="2"/>
        <line num="129" count="17" type="stmt"/>
        <line num="130" count="0" type="stmt"/>
        <line num="131" count="0" type="cond" truecount="0" falsecount="2"/>
        <line num="132" count="0" type="stmt"/>
        <line num="134" count="0" type="stmt"/>
        <line num="136" count="0" type="stmt"/>
        <line num="139" count="17" type="cond" truecount="3" falsecount="0"/>
        <line num="141" count="22" type="stmt"/>
        <line num="142" count="0" type="cond" truecount="0" falsecount="2"/>
        <line num="143" count="0" type="stmt"/>
        <line num="145" count="0" type="cond" truecount="0" falsecount="2"/>
        <line num="146" count="0" type="stmt"/>
        <line num="151" count="22" type="stmt"/>
        <line num="200" count="3" type="stmt"/>
        <line num="213" count="0" type="stmt"/>
        <line num="218" count="0" type="stmt"/>
        <line num="237" count="0" type="stmt"/>
        <line num="308" count="2" type="stmt"/>
        <line num="314" count="0" type="stmt"/>
        <line num="327" count="0" type="stmt"/>
      </file>
      <file name="TemplateFilters.tsx" path="/home/david/git/recipe_app/recipe_ui/src/features/meals/components/TemplateFilters.tsx">
        <metrics statements="45" coveredstatements="33" conditionals="67" coveredconditionals="43" methods="21" coveredmethods="12"/>
        <line num="26" count="3" type="stmt"/>
        <line num="27" count="59" type="stmt"/>
        <line num="28" count="59" type="stmt"/>
        <line num="29" count="59" type="stmt"/>
        <line num="32" count="59" type="stmt"/>
        <line num="33" count="14" type="stmt"/>
        <line num="37" count="59" type="stmt"/>
        <line num="38" count="14" type="stmt"/>
        <line num="39" count="17" type="cond" truecount="2" falsecount="0"/>
        <line num="41" count="2" type="cond" truecount="1" falsecount="1"/>
        <line num="42" count="0" type="cond" truecount="0" falsecount="4"/>
        <line num="43" count="0" type="cond" truecount="0" falsecount="3"/>
        <line num="45" count="0" type="cond" truecount="0" falsecount="2"/>
        <line num="48" count="14" type="cond" truecount="2" falsecount="0"/>
        <line num="49" count="2" type="stmt"/>
        <line num="54" count="59" type="stmt"/>
        <line num="55" count="2" type="stmt"/>
        <line num="56" count="2" type="stmt"/>
        <line num="57" count="2" type="stmt"/>
        <line num="60" count="59" type="stmt"/>
        <line num="61" count="1" type="stmt"/>
        <line num="62" count="1" type="stmt"/>
        <line num="63" count="1" type="stmt"/>
        <line num="66" count="59" type="stmt"/>
        <line num="68" count="59" type="stmt"/>
        <line num="77" count="59" type="stmt"/>
        <line num="78" count="64" type="cond" truecount="2" falsecount="0"/>
        <line num="79" count="5" type="cond" truecount="2" falsecount="0"/>
[...]
        <line num="814" count="0" type="stmt"/>
        <line num="815" count="0" type="stmt"/>
        <line num="819" count="0" type="cond" truecount="0" falsecount="2"/>
        <line num="820" count="0" type="stmt"/>
        <line num="829" count="0" type="stmt"/>
        <line num="845" count="0" type="stmt"/>
        <line num="847" count="0" type="stmt"/>
        <line num="848" count="0" type="stmt"/>
        <line num="853" count="0" type="stmt"/>
        <line num="854" count="0" type="cond" truecount="0" falsecount="2"/>
        <line num="855" count="0" type="cond" truecount="0" falsecount="2"/>
        <line num="857" count="0" type="stmt"/>
        <line num="858" count="0" type="stmt"/>
        <line num="860" count="0" type="cond" truecount="0" falsecount="2"/>
        <line num="861" count="0" type="stmt"/>
        <line num="862" count="0" type="stmt"/>
        <line num="864" count="0" type="stmt"/>
        <line num="871" count="0" type="stmt"/>
        <line num="885" count="0" type="stmt"/>
        <line num="886" count="0" type="stmt"/>
        <line num="889" count="0" type="stmt"/>
        <line num="890" count="0" type="stmt"/>
        <line num="897" count="2" type="stmt"/>
        <line num="898" count="2" type="cond" truecount="1" falsecount="1"/>
        <line num="899" count="2" type="cond" truecount="1" falsecount="1"/>
        <line num="900" count="2" type="stmt"/>
        <line num="902" count="2" type="stmt"/>
        <line num="903" count="2" type="cond" truecount="2" falsecount="0"/>
        <line num="904" count="2" type="cond" truecount="2" falsecount="0"/>
        <line num="905" count="2" type="cond" truecount="2" falsecount="0"/>
        <line num="906" count="2" type="cond" truecount="2" falsecount="0"/>
        <line num="907" count="2" type="stmt"/>
        <line num="908" count="2" type="stmt"/>
        <line num="909" count="2" type="stmt"/>
        <line num="911" count="2" type="stmt"/>
        <line num="913" count="2" type="cond" truecount="1" falsecount="1"/>
        <line num="914" count="0" type="stmt"/>
        <line num="915" count="0" type="cond" truecount="0" falsecount="2"/>
        <line num="918" count="2" type="cond" truecount="1" falsecount="1"/>
        <line num="919" count="0" type="cond" truecount="0" falsecount="2"/>
        <line num="922" count="2" type="cond" truecount="1" falsecount="1"/>
        <line num="923" count="0" type="cond" truecount="0" falsecount="2"/>
        <line num="926" count="2" type="cond" truecount="1" falsecount="1"/>
        <line num="927" count="0" type="stmt"/>
        <line num="930" count="2" type="cond" truecount="1" falsecount="1"/>
        <line num="931" count="0" type="stmt"/>
        <line num="932" count="0" type="cond" truecount="0" falsecount="2"/>
        <line num="936" count="2" type="cond" truecount="1" falsecount="1"/>
        <line num="937" count="0" type="cond" truecount="0" falsecount="2"/>
        <line num="939" count="2" type="cond" truecount="1" falsecount="1"/>
        <line num="940" count="0" type="cond" truecount="0" falsecount="2"/>
        <line num="942" count="2" type="cond" truecount="1" falsecount="1"/>
        <line num="943" count="0" type="stmt"/>
        <line num="944" count="0" type="stmt"/>
        <line num="947" count="2" type="cond" truecount="1" falsecount="1"/>
        <line num="948" count="2" type="stmt"/>
        <line num="949" count="2" type="stmt"/>
        <line num="950" count="122" type="stmt"/>
        <line num="951" count="122" type="stmt"/>
        <line num="952" count="122" type="cond" truecount="1" falsecount="1"/>
        <line num="954" count="122" type="stmt"/>
        <line num="955" count="122" type="stmt"/>
        <line num="957" count="122" type="cond" truecount="1" falsecount="1"/>
        <line num="958" count="0" type="stmt"/>
        <line num="959" count="0" type="stmt"/>
        <line num="960" count="122" type="cond" truecount="1" falsecount="1"/>
        <line num="961" count="0" type="cond" truecount="0" falsecount="2"/>
        <line num="962" count="0" type="cond" truecount="0" falsecount="2"/>
        <line num="963" count="122" type="cond" truecount="1" falsecount="1"/>
        <line num="964" count="0" type="cond" truecount="0" falsecount="2"/>
        <line num="965" count="0" type="cond" truecount="0" falsecount="2"/>
        <line num="968" count="122" type="cond" truecount="1" falsecount="3"/>
        <line num="969" count="122" type="cond" truecount="1" falsecount="3"/>
        <line num="971" count="122" type="stmt"/>
        <line num="975" count="2" type="stmt"/>
        <line num="977" count="2" type="stmt"/>
        <line num="987" count="0" type="stmt"/>
        <line num="988" count="0" type="stmt"/>
        <line num="990" count="0" type="cond" truecount="0" falsecount="2"/>
        <line num="991" count="0" type="stmt"/>
        <line num="994" count="0" type="stmt"/>
        <line num="999" count="0" type="stmt"/>
        <line num="1000" count="0" type="stmt"/>
        <line num="1012" count="0" type="cond" truecount="0" falsecount="2"/>
        <line num="1020" count="0" type="stmt"/>
        <line num="1022" count="0" type="stmt"/>
        <line num="1023" count="0" type="stmt"/>
        <line num="1028" count="0" type="stmt"/>
        <line num="1029" count="0" type="stmt"/>
        <line num="1031" count="0" type="stmt"/>
        <line num="1032" count="0" type="cond" truecount="0" falsecount="2"/>
        <line num="1033" count="0" type="stmt"/>
        <line num="1036" count="0" type="stmt"/>
        <line num="1038" count="0" type="stmt"/>
        <line num="1045" count="0" type="stmt"/>
        <line num="1054" count="0" type="stmt"/>
        <line num="1055" count="0" type="stmt"/>
        <line num="1060" count="0" type="stmt"/>
        <line num="1061" count="0" type="stmt"/>
        <line num="1063" count="0" type="cond" truecount="0" falsecount="2"/>
        <line num="1064" count="0" type="stmt"/>
        <line num="1067" count="0" type="stmt"/>
        <line num="1068" count="0" type="stmt"/>
        <line num="1074" count="23" type="stmt"/>
        <line num="1083" count="0" type="stmt"/>
        <line num="1084" count="0" type="stmt"/>
        <line num="1086" count="0" type="stmt"/>
        <line num="1088" count="0" type="cond" truecount="0" falsecount="2"/>
        <line num="1089" count="0" type="stmt"/>
        <line num="1090" count="0" type="stmt"/>
        <line num="1091" count="0" type="stmt"/>
        <line num="1092" count="0" type="cond" truecount="0" falsecount="2"/>
        <line num="1093" count="0" type="stmt"/>
        <line num="1094" count="0" type="cond" truecount="0" falsecount="2"/>
        <line num="1101" count="0" type="stmt"/>
        <line num="1110" count="0" type="stmt"/>
        <line num="1111" count="0" type="stmt"/>
        <line num="1116" count="0" type="stmt"/>
        <line num="1117" count="0" type="stmt"/>
        <line num="1118" count="0" type="cond" truecount="0" falsecount="2"/>
        <line num="1119" count="0" type="stmt"/>
        <line num="1121" count="0" type="stmt"/>
        <line num="1126" count="0" type="stmt"/>
        <line num="1127" count="0" type="stmt"/>
        <line num="1128" count="0" type="stmt"/>
        <line num="1130" count="0" type="cond" truecount="0" falsecount="2"/>
        <line num="1131" count="0" type="stmt"/>
        <line num="1134" count="0" type="stmt"/>
        <line num="1141" count="0" type="stmt"/>
        <line num="1142" count="0" type="stmt"/>
        <line num="1147" count="0" type="stmt"/>
        <line num="1148" count="0" type="stmt"/>
        <line num="1150" count="0" type="cond" truecount="0" falsecount="2"/>
        <line num="1151" count="0" type="stmt"/>
        <line num="1154" count="0" type="stmt"/>
        <line num="1155" count="0" type="stmt"/>
        <line num="1160" count="0" type="stmt"/>
        <line num="1161" count="0" type="stmt"/>
        <line num="1162" count="0" type="stmt"/>
        <line num="1164" count="0" type="cond" truecount="0" falsecount="2"/>
        <line num="1165" count="0" type="stmt"/>
        <line num="1169" count="0" type="stmt"/>
        <line num="1170" count="0" type="cond" truecount="0" falsecount="2"/>
        <line num="1171" count="0" type="stmt"/>
        <line num="1174" count="0" type="stmt"/>
        <line num="1181" count="0" type="cond" truecount="0" falsecount="2"/>
        <line num="1182" count="0" type="stmt"/>
        <line num="1184" count="0" type="stmt"/>
        <line num="1185" count="0" type="stmt"/>
        <line num="1187" count="0" type="stmt"/>
        <line num="1192" count="0" type="stmt"/>
        <line num="1193" count="0" type="stmt"/>
        <line num="1195" count="0" type="cond" truecount="0" falsecount="2"/>
        <line num="1196" count="0" type="stmt"/>
        <line num="1199" count="0" type="cond" truecount="0" falsecount="2"/>
        <line num="1200" count="0" type="stmt"/>
        <line num="1203" count="0" type="stmt"/>
        <line num="1204" count="0" type="cond" truecount="0" falsecount="2"/>
        <line num="1205" count="0" type="stmt"/>
        <line num="1208" count="0" type="stmt"/>
        <line num="1209" count="0" type="stmt"/>
        <line num="1211" count="0" type="stmt"/>
      </file>
      <file name="server.ts" path="/home/david/git/recipe_app/recipe_ui/src/mocks/server.ts">
        <metrics statements="1" coveredstatements="1" conditionals="0" coveredconditionals="0" methods="0" coveredmethods="0"/>
        <line num="5" count="51" type="stmt"/>
      </file>
    </package>
    <package name="src.utils">
      <metrics statements="155" coveredstatements="151" conditionals="147" coveredconditionals="117" methods="28" coveredmethods="28"/>
      <file name="formatters.ts" path="/home/david/git/recipe_app/recipe_ui/src/utils/formatters.ts">
        <metrics statements="27" coveredstatements="23" conditionals="22" coveredconditionals="19" methods="4" coveredmethods="4"/>
        <line num="1" count="22" type="stmt"/>
        <line num="2" count="108" type="cond" truecount="3" falsecount="1"/>
        <line num="5" count="108" type="cond" truecount="2" falsecount="0"/>
        <line num="8" count="8" type="stmt"/>
        <line num="9" count="8" type="stmt"/>
        <line num="10" count="8" type="stmt"/>
        <line num="11" count="8" type="cond" truecount="2" falsecount="0"/>
        <line num="14" count="108" type="stmt"/>
        <line num="31" count="108" type="cond" truecount="2" falsecount="0"/>
        <line num="32" count="8" type="stmt"/>
        <line num="36" count="0" type="stmt"/>
        <line num="37" count="0" type="cond" truecount="0" falsecount="2"/>
        <line num="38" count="0" type="stmt"/>
        <line num="43" count="0" type="stmt"/>
        <line num="46" count="22" type="stmt"/>
        <line num="47" count="224" type="cond" truecount="4" falsecount="0"/>
        <line num="48" count="222" type="cond" truecount="2" falsecount="0"/>
        <line num="50" count="221" type="stmt"/>
        <line num="51" count="221" type="stmt"/>
        <line num="53" count="221" type="cond" truecount="2" falsecount="0"/>
        <line num="54" count="183" type="stmt"/>
        <line num="57" count="38" type="cond" truecount="2" falsecount="0"/>
        <line num="58" count="15" type="stmt"/>
        <line num="61" count="23" type="stmt"/>
        <line num="64" count="22" type="stmt"/>
        <line num="65" count="83" type="stmt"/>
        <line num="67" count="123" type="stmt"/>
      </file>
      <file name="mealParams.ts" path="/home/david/git/recipe_app/recipe_ui/src/utils/mealParams.ts">
        <metrics statements="66" coveredstatements="66" conditionals="76" coveredconditionals="53" methods="4" coveredmethods="4"/>
        <line num="24" count="5" type="stmt"/>
        <line num="25" count="4" type="stmt"/>
        <line num="27" count="4" type="cond" truecount="2" falsecount="0"/>
        <line num="28" count="4" type="cond" truecount="2" falsecount="0"/>
        <line num="31" count="4" type="cond" truecount="2" falsecount="0"/>
        <line num="32" count="4" type="cond" truecount="2" falsecount="0"/>
        <line num="33" count="4" type="cond" truecount="1" falsecount="1"/>
        <line num="34" count="4" type="cond" truecount="1" falsecount="1"/>
        <line num="37" count="4" type="cond" truecount="2" falsecount="0"/>
        <line num="38" count="1" type="cond" truecount="1" falsecount="1"/>
        <line num="39" count="1" type="cond" truecount="1" falsecount="1"/>
        <line num="43" count="4" type="cond" truecount="2" falsecount="0"/>
        <line num="45" count="4" type="stmt"/>
        <line num="48" count="5" type="stmt"/>
        <line num="49" count="8" type="stmt"/>
        <line num="51" count="8" type="stmt"/>
        <line num="52" count="8" type="cond" truecount="2" falsecount="0"/>
        <line num="54" count="8" type="stmt"/>
        <line num="55" count="8" type="cond" truecount="2" falsecount="0"/>
        <line num="58" count="8" type="stmt"/>
        <line num="59" count="8" type="cond" truecount="2" falsecount="0"/>
        <line num="61" count="8" type="stmt"/>
        <line num="62" count="8" type="cond" truecount="2" falsecount="0"/>
        <line num="64" count="8" type="stmt"/>
        <line num="65" count="8" type="cond" truecount="1" falsecount="1"/>
        <line num="67" count="8" type="stmt"/>
        <line num="68" count="8" type="cond" truecount="1" falsecount="1"/>
        <line num="71" count="8" type="stmt"/>
        <line num="72" count="8" type="stmt"/>
        <line num="74" count="8" type="cond" truecount="4" falsecount="0"/>
        <line num="75" count="1" type="stmt"/>
        <line num="76" count="1" type="cond" truecount="1" falsecount="1"/>
        <line num="77" count="1" type="cond" truecount="1" falsecount="1"/>
        <line num="81" count="8" type="stmt"/>
        <line num="82" count="8" type="cond" truecount="2" falsecount="0"/>
        <line num="84" count="8" type="stmt"/>
        <line num="87" count="5" type="stmt"/>
        <line num="88" count="1" type="stmt"/>
        <line num="90" count="1" type="cond" truecount="1" falsecount="1"/>
        <line num="91" count="1" type="cond" truecount="1" falsecount="1"/>
        <line num="94" count="1" type="cond" truecount="1" falsecount="1"/>
        <line num="95" count="1" type="cond" truecount="1" falsecount="1"/>
        <line num="96" count="1" type="cond" truecount="1" falsecount="1"/>
        <line num="99" count="1" type="cond" truecount="1" falsecount="1"/>
        <line num="100" count="1" type="cond" truecount="1" falsecount="1"/>
        <line num="101" count="1" type="cond" truecount="1" falsecount="1"/>
        <line num="104" count="1" type="stmt"/>
        <line num="107" count="5" type="stmt"/>
        <line num="108" count="9" type="stmt"/>
        <line num="110" count="9" type="stmt"/>
        <line num="111" count="9" type="cond" truecount="1" falsecount="1"/>
        <line num="113" count="9" type="stmt"/>
        <line num="114" count="9" type="cond" truecount="1" falsecount="1"/>
        <line num="117" count="9" type="stmt"/>
        <line num="118" count="9" type="cond" truecount="1" falsecount="1"/>
        <line num="120" count="9" type="stmt"/>
        <line num="121" count="9" type="cond" truecount="1" falsecount="1"/>
        <line num="123" count="9" type="stmt"/>
        <line num="124" count="9" type="cond" truecount="1" falsecount="1"/>
        <line num="127" count="9" type="stmt"/>
        <line num="128" count="9" type="stmt"/>
        <line num="130" count="9" type="cond" truecount="4" falsecount="0"/>
        <line num="131" count="1" type="stmt"/>
        <line num="132" count="1" type="cond" truecount="1" falsecount="1"/>
        <line num="133" count="1" type="cond" truecount="1" falsecount="1"/>
        <line num="136" count="9" type="stmt"/>
      </file>
      <file name="recipeParams.ts" path="/home/david/git/recipe_app/recipe_ui/src/utils/recipeParams.ts">
        <metrics statements="42" coveredstatements="42" conditionals="32" coveredconditionals="30" methods="6" coveredmethods="6"/>
        <line num="3" count="3" type="stmt"/>
        <line num="4" count="23" type="stmt"/>
        <line num="6" count="23" type="cond" truecount="2" falsecount="0"/>
        <line num="7" count="23" type="cond" truecount="2" falsecount="0"/>
        <line num="11" count="23" type="stmt"/>
        <line num="16" count="23" type="stmt"/>
        <line num="17" count="161" type="stmt"/>
        <line num="18" count="161" type="cond" truecount="4" falsecount="0"/>
        <line num="19" count="5" type="stmt"/>
        <line num="25" count="23" type="stmt"/>
        <line num="30" count="23" type="stmt"/>
        <line num="31" count="138" type="stmt"/>
        <line num="32" count="138" type="cond" truecount="2" falsecount="0"/>
        <line num="33" count="3" type="cond" truecount="1" falsecount="1"/>
        <line num="34" count="3" type="cond" truecount="2" falsecount="0"/>
        <line num="39" count="23" type="cond" truecount="2" falsecount="0"/>
        <line num="40" count="2" type="stmt"/>
        <line num="43" count="23" type="stmt"/>
        <line num="46" count="3" type="stmt"/>
        <line num="47" count="13" type="stmt"/>
        <line num="49" count="13" type="stmt"/>
        <line num="50" count="13" type="cond" truecount="2" falsecount="0"/>
        <line num="52" count="13" type="stmt"/>
        <line num="53" count="13" type="cond" truecount="2" falsecount="0"/>
        <line num="57" count="13" type="stmt"/>
        <line num="62" count="13" type="stmt"/>
        <line num="63" count="91" type="stmt"/>
        <line num="64" count="91" type="cond" truecount="2" falsecount="0"/>
        <line num="66" count="4" type="stmt"/>
        <line num="72" count="13" type="stmt"/>
        <line num="77" count="13" type="stmt"/>
        <line num="78" count="78" type="stmt"/>
        <line num="79" count="78" type="stmt"/>
        <line num="81" count="78" type="cond" truecount="4" falsecount="0"/>
        <line num="82" count="3" type="stmt"/>
        <line num="83" count="3" type="cond" truecount="1" falsecount="1"/>
        <line num="84" count="3" type="cond" truecount="2" falsecount="0"/>
        <line num="85" count="3" type="stmt"/>
        <line num="90" count="13" type="stmt"/>
        <line num="91" count="13" type="cond" truecount="2" falsecount="0"/>
        <line num="92" count="2" type="stmt"/>
        <line num="95" count="13" type="stmt"/>
      </file>
      <file name="styles.ts" path="/home/david/git/recipe_app/recipe_ui/src/utils/styles.ts">
        <metrics statements="20" coveredstatements="20" conditionals="17" coveredconditionals="15" methods="14" coveredmethods="14"/>
        <line num="7" count="18" type="stmt"/>
        <line num="39" count="18" type="stmt"/>
        <line num="44" count="18" type="stmt"/>
        <line num="53" count="18" type="stmt"/>
        <line num="85" count="54" type="stmt"/>
        <line num="87" count="54" type="stmt"/>
        <line num="88" count="218" type="stmt"/>
        <line num="100" count="4" type="stmt"/>
        <line num="109" count="4" type="stmt"/>
        <line num="114" count="4" type="stmt"/>
        <line num="128" count="16" type="stmt"/>
        <line num="132" count="16" type="stmt"/>
        <line num="136" count="16" type="stmt"/>
        <line num="144" count="216" type="stmt"/>
        <line num="148" count="2" type="stmt"/>
        <line num="152" count="202" type="stmt"/>
        <line num="156" count="218" type="stmt"/>
        <line num="160" count="218" type="stmt"/>
        <line num="167" count="14" type="stmt"/>
        <line num="182" count="18" type="stmt"/>
      </file>
    </package>
  </project>
</coverage>
